[2023-12-05 17:12:53] laravel.EMERGENCY: Unable to create configured logger. Using emergency logger. {"exception":"[object] (InvalidArgumentException(code: 0): Log [] is not defined. at /Users/patrickbenjamin/git/php-boilerplate/server/vendor/laravel/framework/src/Illuminate/Log/LogManager.php:212)
[stacktrace]
#0 /Users/patrickbenjamin/git/php-boilerplate/server/vendor/laravel/framework/src/Illuminate/Log/LogManager.php(137): Illuminate\\Log\\LogManager->resolve(NULL, NULL)
#1 /Users/patrickbenjamin/git/php-boilerplate/server/vendor/laravel/framework/src/Illuminate/Log/LogManager.php(124): Illuminate\\Log\\LogManager->get(NULL)
#2 /Users/patrickbenjamin/git/php-boilerplate/server/vendor/laravel/framework/src/Illuminate/Log/LogManager.php(667): Illuminate\\Log\\LogManager->driver()
#3 /Users/patrickbenjamin/git/php-boilerplate/server/vendor/laravel/framework/src/Illuminate/Foundation/Exceptions/Handler.php(274): Illuminate\\Log\\LogManager->error('The \"\" director...', Array)
#4 /Users/patrickbenjamin/git/php-boilerplate/server/vendor/laravel/framework/src/Illuminate/Foundation/Http/Kernel.php(491): Illuminate\\Foundation\\Exceptions\\Handler->report(Object(Symfony\\Component\\Finder\\Exception\\DirectoryNotFoundException))
#5 /Users/patrickbenjamin/git/php-boilerplate/server/vendor/laravel/framework/src/Illuminate/Foundation/Http/Kernel.php(146): Illuminate\\Foundation\\Http\\Kernel->reportException(Object(Symfony\\Component\\Finder\\Exception\\DirectoryNotFoundException))
#6 /Users/patrickbenjamin/git/php-boilerplate/server/public/index.php(16): Illuminate\\Foundation\\Http\\Kernel->handle(Object(Illuminate\\Http\\Request))
#7 {main}
"} 
[2023-12-05 17:12:53] laravel.ERROR: The "" directory does not exist. {"exception":"[object] (Symfony\\Component\\Finder\\Exception\\DirectoryNotFoundException(code: 0): The \"\" directory does not exist. at /Users/patrickbenjamin/git/php-boilerplate/server/vendor/symfony/finder/Finder.php:649)
[stacktrace]
#0 /Users/patrickbenjamin/git/php-boilerplate/server/vendor/laravel/framework/src/Illuminate/Foundation/Bootstrap/LoadConfiguration.php(86): Symfony\\Component\\Finder\\Finder->in('')
#1 /Users/patrickbenjamin/git/php-boilerplate/server/vendor/laravel/framework/src/Illuminate/Foundation/Bootstrap/LoadConfiguration.php(63): Illuminate\\Foundation\\Bootstrap\\LoadConfiguration->getConfigurationFiles(Object(Illuminate\\Foundation\\Application))
#2 /Users/patrickbenjamin/git/php-boilerplate/server/vendor/laravel/framework/src/Illuminate/Foundation/Bootstrap/LoadConfiguration.php(39): Illuminate\\Foundation\\Bootstrap\\LoadConfiguration->loadConfigurationFiles(Object(Illuminate\\Foundation\\Application), Object(Illuminate\\Config\\Repository))
#3 /Users/patrickbenjamin/git/php-boilerplate/server/vendor/laravel/framework/src/Illuminate/Foundation/Application.php(261): Illuminate\\Foundation\\Bootstrap\\LoadConfiguration->bootstrap(Object(Illuminate\\Foundation\\Application))
#4 /Users/patrickbenjamin/git/php-boilerplate/server/vendor/laravel/framework/src/Illuminate/Foundation/Http/Kernel.php(186): Illuminate\\Foundation\\Application->bootstrapWith(Array)
#5 /Users/patrickbenjamin/git/php-boilerplate/server/vendor/laravel/framework/src/Illuminate/Foundation/Http/Kernel.php(170): Illuminate\\Foundation\\Http\\Kernel->bootstrap()
#6 /Users/patrickbenjamin/git/php-boilerplate/server/vendor/laravel/framework/src/Illuminate/Foundation/Http/Kernel.php(144): Illuminate\\Foundation\\Http\\Kernel->sendRequestThroughRouter(Object(Illuminate\\Http\\Request))
#7 /Users/patrickbenjamin/git/php-boilerplate/server/public/index.php(16): Illuminate\\Foundation\\Http\\Kernel->handle(Object(Illuminate\\Http\\Request))
#8 {main}
"} 
[2023-12-05 17:12:53] laravel.EMERGENCY: Unable to create configured logger. Using emergency logger. {"exception":"[object] (InvalidArgumentException(code: 0): Log [] is not defined. at /Users/patrickbenjamin/git/php-boilerplate/server/vendor/laravel/framework/src/Illuminate/Log/LogManager.php:212)
[stacktrace]
#0 /Users/patrickbenjamin/git/php-boilerplate/server/vendor/laravel/framework/src/Illuminate/Log/LogManager.php(137): Illuminate\\Log\\LogManager->resolve(NULL, NULL)
#1 /Users/patrickbenjamin/git/php-boilerplate/server/vendor/laravel/framework/src/Illuminate/Log/LogManager.php(124): Illuminate\\Log\\LogManager->get(NULL)
#2 /Users/patrickbenjamin/git/php-boilerplate/server/vendor/laravel/framework/src/Illuminate/Log/LogManager.php(667): Illuminate\\Log\\LogManager->driver()
#3 /Users/patrickbenjamin/git/php-boilerplate/server/vendor/laravel/framework/src/Illuminate/Foundation/Exceptions/Handler.php(274): Illuminate\\Log\\LogManager->error('The \"\" director...', Array)
#4 /Users/patrickbenjamin/git/php-boilerplate/server/vendor/laravel/framework/src/Illuminate/Foundation/Http/Kernel.php(491): Illuminate\\Foundation\\Exceptions\\Handler->report(Object(Symfony\\Component\\Finder\\Exception\\DirectoryNotFoundException))
#5 /Users/patrickbenjamin/git/php-boilerplate/server/vendor/laravel/framework/src/Illuminate/Foundation/Http/Kernel.php(146): Illuminate\\Foundation\\Http\\Kernel->reportException(Object(Symfony\\Component\\Finder\\Exception\\DirectoryNotFoundException))
#6 /Users/patrickbenjamin/git/php-boilerplate/server/public/index.php(16): Illuminate\\Foundation\\Http\\Kernel->handle(Object(Illuminate\\Http\\Request))
#7 {main}
"} 
[2023-12-05 17:12:53] laravel.ERROR: The "" directory does not exist. {"exception":"[object] (Symfony\\Component\\Finder\\Exception\\DirectoryNotFoundException(code: 0): The \"\" directory does not exist. at /Users/patrickbenjamin/git/php-boilerplate/server/vendor/symfony/finder/Finder.php:649)
[stacktrace]
#0 /Users/patrickbenjamin/git/php-boilerplate/server/vendor/laravel/framework/src/Illuminate/Foundation/Bootstrap/LoadConfiguration.php(86): Symfony\\Component\\Finder\\Finder->in('')
#1 /Users/patrickbenjamin/git/php-boilerplate/server/vendor/laravel/framework/src/Illuminate/Foundation/Bootstrap/LoadConfiguration.php(63): Illuminate\\Foundation\\Bootstrap\\LoadConfiguration->getConfigurationFiles(Object(Illuminate\\Foundation\\Application))
#2 /Users/patrickbenjamin/git/php-boilerplate/server/vendor/laravel/framework/src/Illuminate/Foundation/Bootstrap/LoadConfiguration.php(39): Illuminate\\Foundation\\Bootstrap\\LoadConfiguration->loadConfigurationFiles(Object(Illuminate\\Foundation\\Application), Object(Illuminate\\Config\\Repository))
#3 /Users/patrickbenjamin/git/php-boilerplate/server/vendor/laravel/framework/src/Illuminate/Foundation/Application.php(261): Illuminate\\Foundation\\Bootstrap\\LoadConfiguration->bootstrap(Object(Illuminate\\Foundation\\Application))
#4 /Users/patrickbenjamin/git/php-boilerplate/server/vendor/laravel/framework/src/Illuminate/Foundation/Http/Kernel.php(186): Illuminate\\Foundation\\Application->bootstrapWith(Array)
#5 /Users/patrickbenjamin/git/php-boilerplate/server/vendor/laravel/framework/src/Illuminate/Foundation/Http/Kernel.php(170): Illuminate\\Foundation\\Http\\Kernel->bootstrap()
#6 /Users/patrickbenjamin/git/php-boilerplate/server/vendor/laravel/framework/src/Illuminate/Foundation/Http/Kernel.php(144): Illuminate\\Foundation\\Http\\Kernel->sendRequestThroughRouter(Object(Illuminate\\Http\\Request))
#7 /Users/patrickbenjamin/git/php-boilerplate/server/public/index.php(16): Illuminate\\Foundation\\Http\\Kernel->handle(Object(Illuminate\\Http\\Request))
#8 {main}
"} 
[2023-12-05 17:16:16] laravel.EMERGENCY: Unable to create configured logger. Using emergency logger. {"exception":"[object] (InvalidArgumentException(code: 0): Log [] is not defined. at /Users/patrickbenjamin/git/php-boilerplate/server/vendor/laravel/framework/src/Illuminate/Log/LogManager.php:212)
[stacktrace]
#0 /Users/patrickbenjamin/git/php-boilerplate/server/vendor/laravel/framework/src/Illuminate/Log/LogManager.php(137): Illuminate\\Log\\LogManager->resolve(NULL, NULL)
#1 /Users/patrickbenjamin/git/php-boilerplate/server/vendor/laravel/framework/src/Illuminate/Log/LogManager.php(124): Illuminate\\Log\\LogManager->get(NULL)
#2 /Users/patrickbenjamin/git/php-boilerplate/server/vendor/laravel/framework/src/Illuminate/Log/LogManager.php(667): Illuminate\\Log\\LogManager->driver()
#3 /Users/patrickbenjamin/git/php-boilerplate/server/vendor/laravel/framework/src/Illuminate/Foundation/Exceptions/Handler.php(274): Illuminate\\Log\\LogManager->error('The \"\" director...', Array)
#4 /Users/patrickbenjamin/git/php-boilerplate/server/vendor/laravel/framework/src/Illuminate/Foundation/Http/Kernel.php(491): Illuminate\\Foundation\\Exceptions\\Handler->report(Object(Symfony\\Component\\Finder\\Exception\\DirectoryNotFoundException))
#5 /Users/patrickbenjamin/git/php-boilerplate/server/vendor/laravel/framework/src/Illuminate/Foundation/Http/Kernel.php(146): Illuminate\\Foundation\\Http\\Kernel->reportException(Object(Symfony\\Component\\Finder\\Exception\\DirectoryNotFoundException))
#6 /Users/patrickbenjamin/git/php-boilerplate/server/public/index.php(16): Illuminate\\Foundation\\Http\\Kernel->handle(Object(Illuminate\\Http\\Request))
#7 {main}
"} 
[2023-12-05 17:16:16] laravel.ERROR: The "" directory does not exist. {"exception":"[object] (Symfony\\Component\\Finder\\Exception\\DirectoryNotFoundException(code: 0): The \"\" directory does not exist. at /Users/patrickbenjamin/git/php-boilerplate/server/vendor/symfony/finder/Finder.php:649)
[stacktrace]
#0 /Users/patrickbenjamin/git/php-boilerplate/server/vendor/laravel/framework/src/Illuminate/Foundation/Bootstrap/LoadConfiguration.php(86): Symfony\\Component\\Finder\\Finder->in('')
#1 /Users/patrickbenjamin/git/php-boilerplate/server/vendor/laravel/framework/src/Illuminate/Foundation/Bootstrap/LoadConfiguration.php(63): Illuminate\\Foundation\\Bootstrap\\LoadConfiguration->getConfigurationFiles(Object(Illuminate\\Foundation\\Application))
#2 /Users/patrickbenjamin/git/php-boilerplate/server/vendor/laravel/framework/src/Illuminate/Foundation/Bootstrap/LoadConfiguration.php(39): Illuminate\\Foundation\\Bootstrap\\LoadConfiguration->loadConfigurationFiles(Object(Illuminate\\Foundation\\Application), Object(Illuminate\\Config\\Repository))
#3 /Users/patrickbenjamin/git/php-boilerplate/server/vendor/laravel/framework/src/Illuminate/Foundation/Application.php(261): Illuminate\\Foundation\\Bootstrap\\LoadConfiguration->bootstrap(Object(Illuminate\\Foundation\\Application))
#4 /Users/patrickbenjamin/git/php-boilerplate/server/vendor/laravel/framework/src/Illuminate/Foundation/Http/Kernel.php(186): Illuminate\\Foundation\\Application->bootstrapWith(Array)
#5 /Users/patrickbenjamin/git/php-boilerplate/server/vendor/laravel/framework/src/Illuminate/Foundation/Http/Kernel.php(170): Illuminate\\Foundation\\Http\\Kernel->bootstrap()
#6 /Users/patrickbenjamin/git/php-boilerplate/server/vendor/laravel/framework/src/Illuminate/Foundation/Http/Kernel.php(144): Illuminate\\Foundation\\Http\\Kernel->sendRequestThroughRouter(Object(Illuminate\\Http\\Request))
#7 /Users/patrickbenjamin/git/php-boilerplate/server/public/index.php(16): Illuminate\\Foundation\\Http\\Kernel->handle(Object(Illuminate\\Http\\Request))
#8 {main}
"} 
[2023-12-05 17:16:16] laravel.EMERGENCY: Unable to create configured logger. Using emergency logger. {"exception":"[object] (InvalidArgumentException(code: 0): Log [] is not defined. at /Users/patrickbenjamin/git/php-boilerplate/server/vendor/laravel/framework/src/Illuminate/Log/LogManager.php:212)
[stacktrace]
#0 /Users/patrickbenjamin/git/php-boilerplate/server/vendor/laravel/framework/src/Illuminate/Log/LogManager.php(137): Illuminate\\Log\\LogManager->resolve(NULL, NULL)
#1 /Users/patrickbenjamin/git/php-boilerplate/server/vendor/laravel/framework/src/Illuminate/Log/LogManager.php(124): Illuminate\\Log\\LogManager->get(NULL)
#2 /Users/patrickbenjamin/git/php-boilerplate/server/vendor/laravel/framework/src/Illuminate/Log/LogManager.php(667): Illuminate\\Log\\LogManager->driver()
#3 /Users/patrickbenjamin/git/php-boilerplate/server/vendor/laravel/framework/src/Illuminate/Foundation/Exceptions/Handler.php(274): Illuminate\\Log\\LogManager->error('The \"\" director...', Array)
#4 /Users/patrickbenjamin/git/php-boilerplate/server/vendor/laravel/framework/src/Illuminate/Foundation/Http/Kernel.php(491): Illuminate\\Foundation\\Exceptions\\Handler->report(Object(Symfony\\Component\\Finder\\Exception\\DirectoryNotFoundException))
#5 /Users/patrickbenjamin/git/php-boilerplate/server/vendor/laravel/framework/src/Illuminate/Foundation/Http/Kernel.php(146): Illuminate\\Foundation\\Http\\Kernel->reportException(Object(Symfony\\Component\\Finder\\Exception\\DirectoryNotFoundException))
#6 /Users/patrickbenjamin/git/php-boilerplate/server/public/index.php(16): Illuminate\\Foundation\\Http\\Kernel->handle(Object(Illuminate\\Http\\Request))
#7 {main}
"} 
[2023-12-05 17:16:16] laravel.ERROR: The "" directory does not exist. {"exception":"[object] (Symfony\\Component\\Finder\\Exception\\DirectoryNotFoundException(code: 0): The \"\" directory does not exist. at /Users/patrickbenjamin/git/php-boilerplate/server/vendor/symfony/finder/Finder.php:649)
[stacktrace]
#0 /Users/patrickbenjamin/git/php-boilerplate/server/vendor/laravel/framework/src/Illuminate/Foundation/Bootstrap/LoadConfiguration.php(86): Symfony\\Component\\Finder\\Finder->in('')
#1 /Users/patrickbenjamin/git/php-boilerplate/server/vendor/laravel/framework/src/Illuminate/Foundation/Bootstrap/LoadConfiguration.php(63): Illuminate\\Foundation\\Bootstrap\\LoadConfiguration->getConfigurationFiles(Object(Illuminate\\Foundation\\Application))
#2 /Users/patrickbenjamin/git/php-boilerplate/server/vendor/laravel/framework/src/Illuminate/Foundation/Bootstrap/LoadConfiguration.php(39): Illuminate\\Foundation\\Bootstrap\\LoadConfiguration->loadConfigurationFiles(Object(Illuminate\\Foundation\\Application), Object(Illuminate\\Config\\Repository))
#3 /Users/patrickbenjamin/git/php-boilerplate/server/vendor/laravel/framework/src/Illuminate/Foundation/Application.php(261): Illuminate\\Foundation\\Bootstrap\\LoadConfiguration->bootstrap(Object(Illuminate\\Foundation\\Application))
#4 /Users/patrickbenjamin/git/php-boilerplate/server/vendor/laravel/framework/src/Illuminate/Foundation/Http/Kernel.php(186): Illuminate\\Foundation\\Application->bootstrapWith(Array)
#5 /Users/patrickbenjamin/git/php-boilerplate/server/vendor/laravel/framework/src/Illuminate/Foundation/Http/Kernel.php(170): Illuminate\\Foundation\\Http\\Kernel->bootstrap()
#6 /Users/patrickbenjamin/git/php-boilerplate/server/vendor/laravel/framework/src/Illuminate/Foundation/Http/Kernel.php(144): Illuminate\\Foundation\\Http\\Kernel->sendRequestThroughRouter(Object(Illuminate\\Http\\Request))
#7 /Users/patrickbenjamin/git/php-boilerplate/server/public/index.php(16): Illuminate\\Foundation\\Http\\Kernel->handle(Object(Illuminate\\Http\\Request))
#8 {main}
"} 
